{"C:\\Users\\masse\\OneDrive\\Área de Trabalho\\folder\\Developer\\Jest-test\\js\\cloneArray.js": {"path":"C:\\Users\\masse\\OneDrive\\Área de Trabalho\\folder\\Developer\\Jest-test\\js\\cloneArray.js","statementMap":{"0":{"start":{"line":2,"column":4},"end":{"line":2,"column":21}},"1":{"start":{"line":5,"column":0},"end":{"line":5,"column":28}}},"fnMap":{"0":{"name":"cloneArray","decl":{"start":{"line":1,"column":9},"end":{"line":1,"column":19}},"loc":{"start":{"line":1,"column":26},"end":{"line":3,"column":1}},"line":1}},"branchMap":{},"s":{"0":2,"1":1},"f":{"0":2},"b":{},"_coverageSchema":"1a1c01bbd47fc00a2c39e90264f33305004495a9","hash":"c2d4e7b6b6859e9cb578e38837963f84d395822f"}
,"C:\\Users\\masse\\OneDrive\\Área de Trabalho\\folder\\Developer\\Jest-test\\js\\subtract.js": {"path":"C:\\Users\\masse\\OneDrive\\Área de Trabalho\\folder\\Developer\\Jest-test\\js\\subtract.js","statementMap":{"0":{"start":{"line":2,"column":4},"end":{"line":2,"column":16}},"1":{"start":{"line":5,"column":0},"end":{"line":5,"column":26}}},"fnMap":{"0":{"name":"subtract","decl":{"start":{"line":1,"column":9},"end":{"line":1,"column":17}},"loc":{"start":{"line":1,"column":22},"end":{"line":3,"column":1}},"line":1}},"branchMap":{},"s":{"0":1,"1":1},"f":{"0":1},"b":{},"_coverageSchema":"1a1c01bbd47fc00a2c39e90264f33305004495a9","hash":"f5b47efa3116c8c72e341905cb62452dbc0f1bb6"}
,"C:\\Users\\masse\\OneDrive\\Área de Trabalho\\folder\\Developer\\Jest-test\\js\\sum.js": {"path":"C:\\Users\\masse\\OneDrive\\Área de Trabalho\\folder\\Developer\\Jest-test\\js\\sum.js","statementMap":{"0":{"start":{"line":2,"column":4},"end":{"line":2,"column":16}},"1":{"start":{"line":7,"column":4},"end":{"line":7,"column":25}},"2":{"start":{"line":10,"column":0},"end":{"line":10,"column":21}}},"fnMap":{"0":{"name":"sum","decl":{"start":{"line":1,"column":9},"end":{"line":1,"column":12}},"loc":{"start":{"line":1,"column":17},"end":{"line":3,"column":1}},"line":1},"1":{"name":"helper","decl":{"start":{"line":6,"column":9},"end":{"line":6,"column":15}},"loc":{"start":{"line":6,"column":18},"end":{"line":8,"column":1}},"line":6}},"branchMap":{},"s":{"0":1,"1":0,"2":1},"f":{"0":1,"1":0},"b":{},"_coverageSchema":"1a1c01bbd47fc00a2c39e90264f33305004495a9","hash":"cad0a3e5299373a6e5abbd2f54f492e7b16bf42d"}
}
